mode: set
github.com/radekg/terraform-provisioner-ansible/v2/shellescape/extra_vars_escape.go:22.59,25.6 3 1
github.com/radekg/terraform-provisioner-ansible/v2/shellescape/extra_vars_escape.go:35.2,35.30 1 1
github.com/radekg/terraform-provisioner-ansible/v2/shellescape/extra_vars_escape.go:25.6,26.26 1 1
github.com/radekg/terraform-provisioner-ansible/v2/shellescape/extra_vars_escape.go:29.3,29.19 1 1
github.com/radekg/terraform-provisioner-ansible/v2/shellescape/extra_vars_escape.go:32.3,33.16 2 1
github.com/radekg/terraform-provisioner-ansible/v2/shellescape/extra_vars_escape.go:26.26,27.9 1 1
github.com/radekg/terraform-provisioner-ansible/v2/shellescape/extra_vars_escape.go:29.19,31.4 1 1
github.com/radekg/terraform-provisioner-ansible/v2/shellescape/extra_vars_escape.go:38.37,40.2 1 1
github.com/radekg/terraform-provisioner-ansible/v2/shellescape/extra_vars_escape.go:42.46,43.19 1 1
github.com/radekg/terraform-provisioner-ansible/v2/shellescape/extra_vars_escape.go:48.2,48.20 1 1
github.com/radekg/terraform-provisioner-ansible/v2/shellescape/extra_vars_escape.go:43.19,47.3 3 1
github.com/radekg/terraform-provisioner-ansible/v2/shellescape/extra_vars_escape.go:51.39,53.6 2 1
github.com/radekg/terraform-provisioner-ansible/v2/shellescape/extra_vars_escape.go:87.2,87.25 1 1
github.com/radekg/terraform-provisioner-ansible/v2/shellescape/extra_vars_escape.go:53.6,56.18 2 1
github.com/radekg/terraform-provisioner-ansible/v2/shellescape/extra_vars_escape.go:60.3,60.24 1 1
github.com/radekg/terraform-provisioner-ansible/v2/shellescape/extra_vars_escape.go:77.3,77.16 1 1
github.com/radekg/terraform-provisioner-ansible/v2/shellescape/extra_vars_escape.go:85.3,85.33 1 1
github.com/radekg/terraform-provisioner-ansible/v2/shellescape/extra_vars_escape.go:56.18,57.9 1 1
github.com/radekg/terraform-provisioner-ansible/v2/shellescape/extra_vars_escape.go:60.24,61.62 1 1
github.com/radekg/terraform-provisioner-ansible/v2/shellescape/extra_vars_escape.go:67.4,67.63 1 1
github.com/radekg/terraform-provisioner-ansible/v2/shellescape/extra_vars_escape.go:73.4,74.12 2 1
github.com/radekg/terraform-provisioner-ansible/v2/shellescape/extra_vars_escape.go:61.62,65.13 3 1
github.com/radekg/terraform-provisioner-ansible/v2/shellescape/extra_vars_escape.go:67.63,71.13 3 1
github.com/radekg/terraform-provisioner-ansible/v2/shellescape/extra_vars_escape.go:77.16,78.72 1 1
github.com/radekg/terraform-provisioner-ansible/v2/shellescape/extra_vars_escape.go:78.72,81.13 3 1
github.com/radekg/terraform-provisioner-ansible/v2/shellescape/extra_vars_escape.go:90.65,101.2 2 1
github.com/radekg/terraform-provisioner-ansible/v2/shellescape/extra_vars_escape.go:104.53,106.2 1 0
github.com/radekg/terraform-provisioner-ansible/v2/shellescape/extra_vars_escape.go:109.53,111.2 1 1
github.com/radekg/terraform-provisioner-ansible/v2/provisioner/resource_provisioner.go:29.50,40.2 1 1
github.com/radekg/terraform-provisioner-ansible/v2/provisioner/resource_provisioner.go:42.72,44.15 1 1
github.com/radekg/terraform-provisioner-ansible/v2/provisioner/resource_provisioner.go:50.2,55.49 3 1
github.com/radekg/terraform-provisioner-ansible/v2/provisioner/resource_provisioner.go:134.2,134.15 1 1
github.com/radekg/terraform-provisioner-ansible/v2/provisioner/resource_provisioner.go:44.15,45.31 1 1
github.com/radekg/terraform-provisioner-ansible/v2/provisioner/resource_provisioner.go:45.31,47.4 1 0
github.com/radekg/terraform-provisioner-ansible/v2/provisioner/resource_provisioner.go:55.49,59.23 2 1
github.com/radekg/terraform-provisioner-ansible/v2/provisioner/resource_provisioner.go:73.3,73.43 1 1
github.com/radekg/terraform-provisioner-ansible/v2/provisioner/resource_provisioner.go:126.3,126.27 1 1
github.com/radekg/terraform-provisioner-ansible/v2/provisioner/resource_provisioner.go:60.22,62.42 2 1
github.com/radekg/terraform-provisioner-ansible/v2/provisioner/resource_provisioner.go:63.33,65.55 2 0
github.com/radekg/terraform-provisioner-ansible/v2/provisioner/resource_provisioner.go:68.11,70.17 2 0
github.com/radekg/terraform-provisioner-ansible/v2/provisioner/resource_provisioner.go:65.55,67.5 1 0
github.com/radekg/terraform-provisioner-ansible/v2/provisioner/resource_provisioner.go:73.43,82.97 6 1
github.com/radekg/terraform-provisioner-ansible/v2/provisioner/resource_provisioner.go:121.4,121.36 1 1
github.com/radekg/terraform-provisioner-ansible/v2/provisioner/resource_provisioner.go:82.97,84.5 1 1
github.com/radekg/terraform-provisioner-ansible/v2/provisioner/resource_provisioner.go:84.10,84.74 1 1
github.com/radekg/terraform-provisioner-ansible/v2/provisioner/resource_provisioner.go:84.74,86.5 1 0
github.com/radekg/terraform-provisioner-ansible/v2/provisioner/resource_provisioner.go:86.10,88.24 1 1
github.com/radekg/terraform-provisioner-ansible/v2/provisioner/resource_provisioner.go:88.24,93.31 3 1
github.com/radekg/terraform-provisioner-ansible/v2/provisioner/resource_provisioner.go:105.6,105.22 1 1
github.com/radekg/terraform-provisioner-ansible/v2/provisioner/resource_provisioner.go:94.24,96.105 2 1
github.com/radekg/terraform-provisioner-ansible/v2/provisioner/resource_provisioner.go:97.24,99.80 2 0
github.com/radekg/terraform-provisioner-ansible/v2/provisioner/resource_provisioner.go:100.14,102.20 2 0
github.com/radekg/terraform-provisioner-ansible/v2/provisioner/resource_provisioner.go:105.22,106.44 1 1
github.com/radekg/terraform-provisioner-ansible/v2/provisioner/resource_provisioner.go:106.44,109.30 2 1
github.com/radekg/terraform-provisioner-ansible/v2/provisioner/resource_provisioner.go:112.8,112.30 1 1
github.com/radekg/terraform-provisioner-ansible/v2/provisioner/resource_provisioner.go:109.30,111.9 1 1
github.com/radekg/terraform-provisioner-ansible/v2/provisioner/resource_provisioner.go:112.30,114.9 1 0
github.com/radekg/terraform-provisioner-ansible/v2/provisioner/resource_provisioner.go:121.36,123.5 1 1
github.com/radekg/terraform-provisioner-ansible/v2/provisioner/resource_provisioner.go:126.27,128.4 1 1
github.com/radekg/terraform-provisioner-ansible/v2/provisioner/resource_provisioner.go:130.8,132.3 1 1
github.com/radekg/terraform-provisioner-ansible/v2/provisioner/resource_provisioner.go:137.41,145.16 5 0
github.com/radekg/terraform-provisioner-ansible/v2/provisioner/resource_provisioner.go:149.2,149.30 1 0
github.com/radekg/terraform-provisioner-ansible/v2/provisioner/resource_provisioner.go:158.2,159.16 2 0
github.com/radekg/terraform-provisioner-ansible/v2/provisioner/resource_provisioner.go:163.2,163.53 1 0
github.com/radekg/terraform-provisioner-ansible/v2/provisioner/resource_provisioner.go:145.16,147.3 1 0
github.com/radekg/terraform-provisioner-ansible/v2/provisioner/resource_provisioner.go:149.30,151.17 2 0
github.com/radekg/terraform-provisioner-ansible/v2/provisioner/resource_provisioner.go:155.3,155.33 1 0
github.com/radekg/terraform-provisioner-ansible/v2/provisioner/resource_provisioner.go:151.17,154.4 2 0
github.com/radekg/terraform-provisioner-ansible/v2/provisioner/resource_provisioner.go:159.16,162.3 2 0
github.com/radekg/terraform-provisioner-ansible/v2/provisioner/resource_provisioner.go:167.65,174.42 5 1
github.com/radekg/terraform-provisioner-ansible/v2/provisioner/resource_provisioner.go:180.2,185.8 1 1
github.com/radekg/terraform-provisioner-ansible/v2/provisioner/resource_provisioner.go:174.42,176.50 2 1
github.com/radekg/terraform-provisioner-ansible/v2/provisioner/resource_provisioner.go:176.50,178.4 1 1
github.com/radekg/terraform-provisioner-ansible/v2/mode/ssh_configurable.go:30.66,32.32 2 1
github.com/radekg/terraform-provisioner-ansible/v2/mode/ssh_configurable.go:35.2,35.24 1 1
github.com/radekg/terraform-provisioner-ansible/v2/mode/ssh_configurable.go:39.2,39.85 1 1
github.com/radekg/terraform-provisioner-ansible/v2/mode/ssh_configurable.go:44.2,44.32 1 1
github.com/radekg/terraform-provisioner-ansible/v2/mode/ssh_configurable.go:72.2,77.8 1 1
github.com/radekg/terraform-provisioner-ansible/v2/mode/ssh_configurable.go:32.32,34.3 1 1
github.com/radekg/terraform-provisioner-ansible/v2/mode/ssh_configurable.go:35.24,37.3 1 1
github.com/radekg/terraform-provisioner-ansible/v2/mode/ssh_configurable.go:39.85,42.3 2 1
github.com/radekg/terraform-provisioner-ansible/v2/mode/ssh_configurable.go:44.32,52.17 2 1
github.com/radekg/terraform-provisioner-ansible/v2/mode/ssh_configurable.go:55.3,61.124 3 1
github.com/radekg/terraform-provisioner-ansible/v2/mode/ssh_configurable.go:64.3,67.17 3 1
github.com/radekg/terraform-provisioner-ansible/v2/mode/ssh_configurable.go:52.17,54.4 1 0
github.com/radekg/terraform-provisioner-ansible/v2/mode/ssh_configurable.go:61.124,63.4 1 0
github.com/radekg/terraform-provisioner-ansible/v2/mode/ssh_configurable.go:67.17,69.4 1 0
github.com/radekg/terraform-provisioner-ansible/v2/mode/ssh_configurable.go:80.53,81.79 1 1
github.com/radekg/terraform-provisioner-ansible/v2/mode/ssh_configurable.go:84.2,84.12 1 0
github.com/radekg/terraform-provisioner-ansible/v2/mode/ssh_configurable.go:81.79,83.3 1 1
github.com/radekg/terraform-provisioner-ansible/v2/mode/ssh_configurable.go:87.58,94.16 2 1
github.com/radekg/terraform-provisioner-ansible/v2/mode/ssh_configurable.go:97.2,97.28 1 1
github.com/radekg/terraform-provisioner-ansible/v2/mode/ssh_configurable.go:94.16,96.3 1 0
github.com/radekg/terraform-provisioner-ansible/v2/mode/ssh_target_host.go:15.76,19.2 1 1
github.com/radekg/terraform-provisioner-ansible/v2/mode/ssh_target_host.go:21.35,23.2 1 1
github.com/radekg/terraform-provisioner-ansible/v2/mode/ssh_target_host.go:25.36,27.2 1 1
github.com/radekg/terraform-provisioner-ansible/v2/mode/ssh_target_host.go:29.33,31.2 1 1
github.com/radekg/terraform-provisioner-ansible/v2/mode/ssh_target_host.go:33.36,35.2 1 1
github.com/radekg/terraform-provisioner-ansible/v2/mode/ssh_target_host.go:37.39,39.2 1 1
github.com/radekg/terraform-provisioner-ansible/v2/mode/ssh_target_host.go:41.39,43.2 1 1
github.com/radekg/terraform-provisioner-ansible/v2/mode/ssh_target_host.go:45.46,47.2 1 1
github.com/radekg/terraform-provisioner-ansible/v2/mode/ssh_target_host.go:49.53,51.2 1 1
github.com/radekg/terraform-provisioner-ansible/v2/mode/ssh_target_host.go:53.43,57.15 2 1
github.com/radekg/terraform-provisioner-ansible/v2/mode/ssh_target_host.go:63.2,67.16 3 1
github.com/radekg/terraform-provisioner-ansible/v2/mode/ssh_target_host.go:70.2,71.16 2 1
github.com/radekg/terraform-provisioner-ansible/v2/mode/ssh_target_host.go:74.2,75.20 2 1
github.com/radekg/terraform-provisioner-ansible/v2/mode/ssh_target_host.go:57.15,58.31 1 1
github.com/radekg/terraform-provisioner-ansible/v2/mode/ssh_target_host.go:58.31,60.4 1 0
github.com/radekg/terraform-provisioner-ansible/v2/mode/ssh_target_host.go:67.16,69.3 1 0
github.com/radekg/terraform-provisioner-ansible/v2/mode/ssh_target_host.go:71.16,73.3 1 0
github.com/radekg/terraform-provisioner-ansible/v2/mode/local_connection_extractor.go:53.79,60.16 4 1
github.com/radekg/terraform-provisioner-ansible/v2/mode/local_connection_extractor.go:63.2,63.57 1 1
github.com/radekg/terraform-provisioner-ansible/v2/mode/local_connection_extractor.go:72.2,72.77 1 1
github.com/radekg/terraform-provisioner-ansible/v2/mode/local_connection_extractor.go:76.2,76.25 1 1
github.com/radekg/terraform-provisioner-ansible/v2/mode/local_connection_extractor.go:82.2,84.24 2 1
github.com/radekg/terraform-provisioner-ansible/v2/mode/local_connection_extractor.go:87.2,87.31 1 1
github.com/radekg/terraform-provisioner-ansible/v2/mode/local_connection_extractor.go:90.2,90.28 1 1
github.com/radekg/terraform-provisioner-ansible/v2/mode/local_connection_extractor.go:96.2,96.31 1 1
github.com/radekg/terraform-provisioner-ansible/v2/mode/local_connection_extractor.go:102.2,102.32 1 1
github.com/radekg/terraform-provisioner-ansible/v2/mode/local_connection_extractor.go:125.2,125.22 1 1
github.com/radekg/terraform-provisioner-ansible/v2/mode/local_connection_extractor.go:60.16,62.3 1 0
github.com/radekg/terraform-provisioner-ansible/v2/mode/local_connection_extractor.go:63.57,65.3 1 0
github.com/radekg/terraform-provisioner-ansible/v2/mode/local_connection_extractor.go:72.77,74.3 1 1
github.com/radekg/terraform-provisioner-ansible/v2/mode/local_connection_extractor.go:76.25,78.3 1 0
github.com/radekg/terraform-provisioner-ansible/v2/mode/local_connection_extractor.go:84.24,86.3 1 0
github.com/radekg/terraform-provisioner-ansible/v2/mode/local_connection_extractor.go:87.31,89.3 1 1
github.com/radekg/terraform-provisioner-ansible/v2/mode/local_connection_extractor.go:90.28,92.3 1 1
github.com/radekg/terraform-provisioner-ansible/v2/mode/local_connection_extractor.go:92.8,94.3 1 1
github.com/radekg/terraform-provisioner-ansible/v2/mode/local_connection_extractor.go:96.31,97.66 1 1
github.com/radekg/terraform-provisioner-ansible/v2/mode/local_connection_extractor.go:97.66,99.4 1 0
github.com/radekg/terraform-provisioner-ansible/v2/mode/local_connection_extractor.go:102.32,107.33 2 1
github.com/radekg/terraform-provisioner-ansible/v2/mode/local_connection_extractor.go:110.3,110.37 1 1
github.com/radekg/terraform-provisioner-ansible/v2/mode/local_connection_extractor.go:113.3,113.39 1 1
github.com/radekg/terraform-provisioner-ansible/v2/mode/local_connection_extractor.go:120.3,120.32 1 1
github.com/radekg/terraform-provisioner-ansible/v2/mode/local_connection_extractor.go:107.33,109.4 1 1
github.com/radekg/terraform-provisioner-ansible/v2/mode/local_connection_extractor.go:110.37,112.4 1 1
github.com/radekg/terraform-provisioner-ansible/v2/mode/local_connection_extractor.go:113.39,115.4 1 1
github.com/radekg/terraform-provisioner-ansible/v2/mode/local_connection_extractor.go:115.9,116.74 1 1
github.com/radekg/terraform-provisioner-ansible/v2/mode/local_connection_extractor.go:116.74,118.5 1 0
github.com/radekg/terraform-provisioner-ansible/v2/mode/local_connection_extractor.go:120.32,122.4 1 1
github.com/radekg/terraform-provisioner-ansible/v2/mode/local_connection_extractor.go:128.71,130.16 2 1
github.com/radekg/terraform-provisioner-ansible/v2/mode/local_connection_extractor.go:134.2,134.10 1 1
github.com/radekg/terraform-provisioner-ansible/v2/mode/local_connection_extractor.go:130.16,133.3 2 1
github.com/radekg/terraform-provisioner-ansible/v2/mode/local_connection_extractor.go:137.44,140.18 3 1
github.com/radekg/terraform-provisioner-ansible/v2/mode/local_connection_extractor.go:145.2,145.49 1 1
github.com/radekg/terraform-provisioner-ansible/v2/mode/local_connection_extractor.go:150.2,150.59 1 1
github.com/radekg/terraform-provisioner-ansible/v2/mode/local_connection_extractor.go:154.2,155.12 2 1
github.com/radekg/terraform-provisioner-ansible/v2/mode/local_connection_extractor.go:140.18,142.3 1 0
github.com/radekg/terraform-provisioner-ansible/v2/mode/local_connection_extractor.go:145.49,149.3 1 1
github.com/radekg/terraform-provisioner-ansible/v2/mode/local_connection_extractor.go:150.59,152.3 1 1
github.com/radekg/terraform-provisioner-ansible/v2/mode/mode_local.go:57.89,60.18 2 1
github.com/radekg/terraform-provisioner-ansible/v2/mode/mode_local.go:66.2,67.16 2 1
github.com/radekg/terraform-provisioner-ansible/v2/mode/mode_local.go:75.2,78.8 1 1
github.com/radekg/terraform-provisioner-ansible/v2/mode/mode_local.go:61.17,61.17 0 1
github.com/radekg/terraform-provisioner-ansible/v2/mode/mode_local.go:62.10,63.72 1 0
github.com/radekg/terraform-provisioner-ansible/v2/mode/mode_local.go:67.16,69.3 1 0
github.com/radekg/terraform-provisioner-ansible/v2/mode/mode_local.go:81.44,82.27 1 1
github.com/radekg/terraform-provisioner-ansible/v2/mode/mode_local.go:82.27,84.3 1 1
github.com/radekg/terraform-provisioner-ansible/v2/mode/mode_local.go:84.8,86.3 1 0
github.com/radekg/terraform-provisioner-ansible/v2/mode/mode_local.go:90.98,94.23 2 1
github.com/radekg/terraform-provisioner-ansible/v2/mode/mode_local.go:104.2,105.40 2 1
github.com/radekg/terraform-provisioner-ansible/v2/mode/mode_local.go:114.2,115.33 2 1
github.com/radekg/terraform-provisioner-ansible/v2/mode/mode_local.go:125.2,131.21 5 1
github.com/radekg/terraform-provisioner-ansible/v2/mode/mode_local.go:222.2,223.16 2 1
github.com/radekg/terraform-provisioner-ansible/v2/mode/mode_local.go:226.2,229.16 3 1
github.com/radekg/terraform-provisioner-ansible/v2/mode/mode_local.go:232.2,234.29 2 1
github.com/radekg/terraform-provisioner-ansible/v2/mode/mode_local.go:278.2,278.12 1 1
github.com/radekg/terraform-provisioner-ansible/v2/mode/mode_local.go:94.23,95.30 1 0
github.com/radekg/terraform-provisioner-ansible/v2/mode/mode_local.go:101.3,101.56 1 0
github.com/radekg/terraform-provisioner-ansible/v2/mode/mode_local.go:95.30,96.60 1 0
github.com/radekg/terraform-provisioner-ansible/v2/mode/mode_local.go:96.60,98.5 1 0
github.com/radekg/terraform-provisioner-ansible/v2/mode/mode_local.go:105.40,108.17 3 0
github.com/radekg/terraform-provisioner-ansible/v2/mode/mode_local.go:111.3,111.34 1 0
github.com/radekg/terraform-provisioner-ansible/v2/mode/mode_local.go:108.17,110.4 1 0
github.com/radekg/terraform-provisioner-ansible/v2/mode/mode_local.go:115.33,118.17 3 1
github.com/radekg/terraform-provisioner-ansible/v2/mode/mode_local.go:122.3,122.33 1 1
github.com/radekg/terraform-provisioner-ansible/v2/mode/mode_local.go:118.17,120.4 1 0
github.com/radekg/terraform-provisioner-ansible/v2/mode/mode_local.go:131.21,134.17 2 0
github.com/radekg/terraform-provisioner-ansible/v2/mode/mode_local.go:137.3,138.60 2 0
github.com/radekg/terraform-provisioner-ansible/v2/mode/mode_local.go:175.3,175.105 1 0
github.com/radekg/terraform-provisioner-ansible/v2/mode/mode_local.go:134.17,136.4 1 0
github.com/radekg/terraform-provisioner-ansible/v2/mode/mode_local.go:138.60,139.53 1 0
github.com/radekg/terraform-provisioner-ansible/v2/mode/mode_local.go:139.53,140.31 1 0
github.com/radekg/terraform-provisioner-ansible/v2/mode/mode_local.go:140.31,150.20 3 0
github.com/radekg/terraform-provisioner-ansible/v2/mode/mode_local.go:157.6,157.67 1 0
github.com/radekg/terraform-provisioner-ansible/v2/mode/mode_local.go:150.20,152.7 1 0
github.com/radekg/terraform-provisioner-ansible/v2/mode/mode_local.go:158.11,160.6 1 0
github.com/radekg/terraform-provisioner-ansible/v2/mode/mode_local.go:161.10,167.5 1 0
github.com/radekg/terraform-provisioner-ansible/v2/mode/mode_local.go:169.9,174.4 1 0
github.com/radekg/terraform-provisioner-ansible/v2/mode/mode_local.go:176.8,177.60 1 1
github.com/radekg/terraform-provisioner-ansible/v2/mode/mode_local.go:177.60,179.24 2 1
github.com/radekg/terraform-provisioner-ansible/v2/mode/mode_local.go:179.24,180.54 1 1
github.com/radekg/terraform-provisioner-ansible/v2/mode/mode_local.go:180.54,181.32 1 1
github.com/radekg/terraform-provisioner-ansible/v2/mode/mode_local.go:209.6,209.104 1 1
github.com/radekg/terraform-provisioner-ansible/v2/mode/mode_local.go:181.32,190.11 5 0
github.com/radekg/terraform-provisioner-ansible/v2/mode/mode_local.go:205.7,205.33 1 0
github.com/radekg/terraform-provisioner-ansible/v2/mode/mode_local.go:190.11,191.52 1 0
github.com/radekg/terraform-provisioner-ansible/v2/mode/mode_local.go:191.52,195.36 4 0
github.com/radekg/terraform-provisioner-ansible/v2/mode/mode_local.go:195.36,200.10 2 0
github.com/radekg/terraform-provisioner-ansible/v2/mode/mode_local.go:201.14,202.14 1 0
github.com/radekg/terraform-provisioner-ansible/v2/mode/mode_local.go:205.33,207.8 1 0
github.com/radekg/terraform-provisioner-ansible/v2/mode/mode_local.go:210.11,212.6 1 0
github.com/radekg/terraform-provisioner-ansible/v2/mode/mode_local.go:213.10,216.5 1 0
github.com/radekg/terraform-provisioner-ansible/v2/mode/mode_local.go:217.9,219.4 1 0
github.com/radekg/terraform-provisioner-ansible/v2/mode/mode_local.go:223.16,225.3 1 0
github.com/radekg/terraform-provisioner-ansible/v2/mode/mode_local.go:229.16,231.3 1 0
github.com/radekg/terraform-provisioner-ansible/v2/mode/mode_local.go:234.29,236.22 1 1
github.com/radekg/terraform-provisioner-ansible/v2/mode/mode_local.go:240.3,242.17 2 1
github.com/radekg/terraform-provisioner-ansible/v2/mode/mode_local.go:247.3,247.44 1 1
github.com/radekg/terraform-provisioner-ansible/v2/mode/mode_local.go:254.3,266.17 2 1
github.com/radekg/terraform-provisioner-ansible/v2/mode/mode_local.go:270.3,272.47 2 1
github.com/radekg/terraform-provisioner-ansible/v2/mode/mode_local.go:236.22,237.12 1 0
github.com/radekg/terraform-provisioner-ansible/v2/mode/mode_local.go:242.17,245.4 2 0
github.com/radekg/terraform-provisioner-ansible/v2/mode/mode_local.go:247.44,250.4 2 1
github.com/radekg/terraform-provisioner-ansible/v2/mode/mode_local.go:266.17,268.4 1 0
github.com/radekg/terraform-provisioner-ansible/v2/mode/mode_local.go:272.47,274.4 1 0
github.com/radekg/terraform-provisioner-ansible/v2/mode/mode_local.go:281.74,283.35 2 1
github.com/radekg/terraform-provisioner-ansible/v2/mode/mode_local.go:286.2,289.16 4 1
github.com/radekg/terraform-provisioner-ansible/v2/mode/mode_local.go:292.2,293.113 2 1
github.com/radekg/terraform-provisioner-ansible/v2/mode/mode_local.go:296.2,296.25 1 1
github.com/radekg/terraform-provisioner-ansible/v2/mode/mode_local.go:283.35,285.3 1 1
github.com/radekg/terraform-provisioner-ansible/v2/mode/mode_local.go:289.16,291.3 1 0
github.com/radekg/terraform-provisioner-ansible/v2/mode/mode_local.go:293.113,295.3 1 0
github.com/radekg/terraform-provisioner-ansible/v2/mode/mode_local.go:299.57,300.33 1 1
github.com/radekg/terraform-provisioner-ansible/v2/mode/mode_local.go:315.2,315.16 1 0
github.com/radekg/terraform-provisioner-ansible/v2/mode/mode_local.go:300.33,303.17 3 1
github.com/radekg/terraform-provisioner-ansible/v2/mode/mode_local.go:307.3,308.73 2 1
github.com/radekg/terraform-provisioner-ansible/v2/mode/mode_local.go:312.3,313.26 2 1
github.com/radekg/terraform-provisioner-ansible/v2/mode/mode_local.go:303.17,305.4 1 0
github.com/radekg/terraform-provisioner-ansible/v2/mode/mode_local.go:308.73,310.4 1 0
github.com/radekg/terraform-provisioner-ansible/v2/mode/mode_local.go:318.70,319.32 1 1
github.com/radekg/terraform-provisioner-ansible/v2/mode/mode_local.go:382.2,382.34 1 0
github.com/radekg/terraform-provisioner-ansible/v2/mode/mode_local.go:319.32,329.28 3 1
github.com/radekg/terraform-provisioner-ansible/v2/mode/mode_local.go:358.3,362.17 5 1
github.com/radekg/terraform-provisioner-ansible/v2/mode/mode_local.go:366.3,368.17 3 1
github.com/radekg/terraform-provisioner-ansible/v2/mode/mode_local.go:372.3,373.74 2 1
github.com/radekg/terraform-provisioner-ansible/v2/mode/mode_local.go:377.3,379.26 2 1
github.com/radekg/terraform-provisioner-ansible/v2/mode/mode_local.go:329.28,330.26 1 1
github.com/radekg/terraform-provisioner-ansible/v2/mode/mode_local.go:330.26,331.27 1 1
github.com/radekg/terraform-provisioner-ansible/v2/mode/mode_local.go:331.27,336.6 1 1
github.com/radekg/terraform-provisioner-ansible/v2/mode/mode_local.go:336.11,340.6 1 0
github.com/radekg/terraform-provisioner-ansible/v2/mode/mode_local.go:341.10,345.5 1 0
github.com/radekg/terraform-provisioner-ansible/v2/mode/mode_local.go:346.9,348.35 1 0
github.com/radekg/terraform-provisioner-ansible/v2/mode/mode_local.go:348.35,349.19 1 0
github.com/radekg/terraform-provisioner-ansible/v2/mode/mode_local.go:349.19,353.6 1 0
github.com/radekg/terraform-provisioner-ansible/v2/mode/mode_local.go:362.17,364.4 1 0
github.com/radekg/terraform-provisioner-ansible/v2/mode/mode_local.go:368.17,370.4 1 0
github.com/radekg/terraform-provisioner-ansible/v2/mode/mode_local.go:373.74,375.4 1 0
github.com/radekg/terraform-provisioner-ansible/v2/mode/mode_local.go:385.54,412.2 4 1
github.com/radekg/terraform-provisioner-ansible/v2/mode/mode_remote.go:102.129,105.16 2 1
github.com/radekg/terraform-provisioner-ansible/v2/mode/mode_remote.go:109.2,110.18 2 1
github.com/radekg/terraform-provisioner-ansible/v2/mode/mode_remote.go:115.2,116.16 2 1
github.com/radekg/terraform-provisioner-ansible/v2/mode/mode_remote.go:120.2,125.8 1 1
github.com/radekg/terraform-provisioner-ansible/v2/mode/mode_remote.go:105.16,107.3 1 0
github.com/radekg/terraform-provisioner-ansible/v2/mode/mode_remote.go:111.17,111.17 0 1
github.com/radekg/terraform-provisioner-ansible/v2/mode/mode_remote.go:112.10,113.72 1 0
github.com/radekg/terraform-provisioner-ansible/v2/mode/mode_remote.go:116.16,118.3 1 0
github.com/radekg/terraform-provisioner-ansible/v2/mode/mode_remote.go:129.53,131.52 1 1
github.com/radekg/terraform-provisioner-ansible/v2/mode/mode_remote.go:134.2,134.16 1 1
github.com/radekg/terraform-provisioner-ansible/v2/mode/mode_remote.go:137.2,141.16 3 1
github.com/radekg/terraform-provisioner-ansible/v2/mode/mode_remote.go:146.2,146.37 1 1
github.com/radekg/terraform-provisioner-ansible/v2/mode/mode_remote.go:152.2,152.29 1 1
github.com/radekg/terraform-provisioner-ansible/v2/mode/mode_remote.go:163.2,163.37 1 1
github.com/radekg/terraform-provisioner-ansible/v2/mode/mode_remote.go:167.2,167.12 1 1
github.com/radekg/terraform-provisioner-ansible/v2/mode/mode_remote.go:131.52,133.3 1 1
github.com/radekg/terraform-provisioner-ansible/v2/mode/mode_remote.go:134.16,136.3 1 0
github.com/radekg/terraform-provisioner-ansible/v2/mode/mode_remote.go:141.16,144.3 2 0
github.com/radekg/terraform-provisioner-ansible/v2/mode/mode_remote.go:146.37,147.60 1 1
github.com/radekg/terraform-provisioner-ansible/v2/mode/mode_remote.go:147.60,149.4 1 0
github.com/radekg/terraform-provisioner-ansible/v2/mode/mode_remote.go:152.29,154.17 2 1
github.com/radekg/terraform-provisioner-ansible/v2/mode/mode_remote.go:157.3,158.51 2 1
github.com/radekg/terraform-provisioner-ansible/v2/mode/mode_remote.go:154.17,156.4 1 0
github.com/radekg/terraform-provisioner-ansible/v2/mode/mode_remote.go:158.51,160.4 1 0
github.com/radekg/terraform-provisioner-ansible/v2/mode/mode_remote.go:163.37,165.3 1 1
github.com/radekg/terraform-provisioner-ansible/v2/mode/mode_remote.go:172.77,174.6 2 1
github.com/radekg/terraform-provisioner-ansible/v2/mode/mode_remote.go:174.6,176.17 2 1
github.com/radekg/terraform-provisioner-ansible/v2/mode/mode_remote.go:179.3,181.10 2 0
github.com/radekg/terraform-provisioner-ansible/v2/mode/mode_remote.go:176.17,178.4 1 1
github.com/radekg/terraform-provisioner-ansible/v2/mode/mode_remote.go:182.17,183.14 1 0
github.com/radekg/terraform-provisioner-ansible/v2/mode/mode_remote.go:184.38,184.38 0 0
github.com/radekg/terraform-provisioner-ansible/v2/mode/mode_remote.go:189.53,193.2 3 1
github.com/radekg/terraform-provisioner-ansible/v2/mode/mode_remote.go:195.67,197.29 1 1
github.com/radekg/terraform-provisioner-ansible/v2/mode/mode_remote.go:377.2,377.12 1 1
github.com/radekg/terraform-provisioner-ansible/v2/mode/mode_remote.go:197.29,198.22 1 1
github.com/radekg/terraform-provisioner-ansible/v2/mode/mode_remote.go:202.3,202.41 1 1
github.com/radekg/terraform-provisioner-ansible/v2/mode/mode_remote.go:198.22,199.12 1 0
github.com/radekg/terraform-provisioner-ansible/v2/mode/mode_remote.go:203.24,206.18 2 1
github.com/radekg/terraform-provisioner-ansible/v2/mode/mode_remote.go:212.4,219.57 5 1
github.com/radekg/terraform-provisioner-ansible/v2/mode/mode_remote.go:223.4,224.18 2 1
github.com/radekg/terraform-provisioner-ansible/v2/mode/mode_remote.go:227.4,227.17 1 1
github.com/radekg/terraform-provisioner-ansible/v2/mode/mode_remote.go:237.4,241.18 3 1
github.com/radekg/terraform-provisioner-ansible/v2/mode/mode_remote.go:244.4,247.31 2 1
github.com/radekg/terraform-provisioner-ansible/v2/mode/mode_remote.go:268.4,269.44 2 1
github.com/radekg/terraform-provisioner-ansible/v2/mode/mode_remote.go:298.4,298.48 1 1
github.com/radekg/terraform-provisioner-ansible/v2/mode/mode_remote.go:300.22,305.94 3 1
github.com/radekg/terraform-provisioner-ansible/v2/mode/mode_remote.go:310.4,310.31 1 1
github.com/radekg/terraform-provisioner-ansible/v2/mode/mode_remote.go:331.4,332.18 2 1
github.com/radekg/terraform-provisioner-ansible/v2/mode/mode_remote.go:335.4,335.48 1 1
github.com/radekg/terraform-provisioner-ansible/v2/mode/mode_remote.go:337.29,340.57 1 0
github.com/radekg/terraform-provisioner-ansible/v2/mode/mode_remote.go:344.4,345.26 2 0
github.com/radekg/terraform-provisioner-ansible/v2/mode/mode_remote.go:348.4,348.66 1 0
github.com/radekg/terraform-provisioner-ansible/v2/mode/mode_remote.go:351.4,353.97 3 0
github.com/radekg/terraform-provisioner-ansible/v2/mode/mode_remote.go:357.4,365.28 8 0
github.com/radekg/terraform-provisioner-ansible/v2/mode/mode_remote.go:369.4,370.92 2 0
github.com/radekg/terraform-provisioner-ansible/v2/mode/mode_remote.go:206.18,208.5 1 0
github.com/radekg/terraform-provisioner-ansible/v2/mode/mode_remote.go:219.57,221.5 1 0
github.com/radekg/terraform-provisioner-ansible/v2/mode/mode_remote.go:224.18,226.5 1 0
github.com/radekg/terraform-provisioner-ansible/v2/mode/mode_remote.go:227.17,229.5 1 0
github.com/radekg/terraform-provisioner-ansible/v2/mode/mode_remote.go:229.10,232.76 2 1
github.com/radekg/terraform-provisioner-ansible/v2/mode/mode_remote.go:232.76,234.6 1 0
github.com/radekg/terraform-provisioner-ansible/v2/mode/mode_remote.go:241.18,243.5 1 0
github.com/radekg/terraform-provisioner-ansible/v2/mode/mode_remote.go:247.31,249.44 2 1
github.com/radekg/terraform-provisioner-ansible/v2/mode/mode_remote.go:258.5,258.46 1 1
github.com/radekg/terraform-provisioner-ansible/v2/mode/mode_remote.go:249.44,251.20 2 1
github.com/radekg/terraform-provisioner-ansible/v2/mode/mode_remote.go:254.6,254.35 1 1
github.com/radekg/terraform-provisioner-ansible/v2/mode/mode_remote.go:251.20,253.7 1 0
github.com/radekg/terraform-provisioner-ansible/v2/mode/mode_remote.go:254.35,256.7 1 1
github.com/radekg/terraform-provisioner-ansible/v2/mode/mode_remote.go:259.10,261.19 2 0
github.com/radekg/terraform-provisioner-ansible/v2/mode/mode_remote.go:264.5,264.69 1 0
github.com/radekg/terraform-provisioner-ansible/v2/mode/mode_remote.go:261.19,263.6 1 0
github.com/radekg/terraform-provisioner-ansible/v2/mode/mode_remote.go:269.44,271.51 1 0
github.com/radekg/terraform-provisioner-ansible/v2/mode/mode_remote.go:276.5,277.19 2 0
github.com/radekg/terraform-provisioner-ansible/v2/mode/mode_remote.go:280.5,284.19 4 0
github.com/radekg/terraform-provisioner-ansible/v2/mode/mode_remote.go:287.5,287.18 1 0
github.com/radekg/terraform-provisioner-ansible/v2/mode/mode_remote.go:296.5,296.57 1 0
github.com/radekg/terraform-provisioner-ansible/v2/mode/mode_remote.go:271.51,273.14 2 0
github.com/radekg/terraform-provisioner-ansible/v2/mode/mode_remote.go:277.19,279.6 1 0
github.com/radekg/terraform-provisioner-ansible/v2/mode/mode_remote.go:284.19,286.6 1 0
github.com/radekg/terraform-provisioner-ansible/v2/mode/mode_remote.go:287.18,289.6 1 0
github.com/radekg/terraform-provisioner-ansible/v2/mode/mode_remote.go:289.11,292.70 2 0
github.com/radekg/terraform-provisioner-ansible/v2/mode/mode_remote.go:292.70,294.7 1 0
github.com/radekg/terraform-provisioner-ansible/v2/mode/mode_remote.go:305.94,307.5 1 0
github.com/radekg/terraform-provisioner-ansible/v2/mode/mode_remote.go:310.31,312.44 2 1
github.com/radekg/terraform-provisioner-ansible/v2/mode/mode_remote.go:321.5,321.46 1 1
github.com/radekg/terraform-provisioner-ansible/v2/mode/mode_remote.go:312.44,314.20 2 1
github.com/radekg/terraform-provisioner-ansible/v2/mode/mode_remote.go:317.6,317.35 1 1
github.com/radekg/terraform-provisioner-ansible/v2/mode/mode_remote.go:314.20,316.7 1 0
github.com/radekg/terraform-provisioner-ansible/v2/mode/mode_remote.go:317.35,319.7 1 1
github.com/radekg/terraform-provisioner-ansible/v2/mode/mode_remote.go:322.10,324.19 2 0
github.com/radekg/terraform-provisioner-ansible/v2/mode/mode_remote.go:327.5,327.69 1 0
github.com/radekg/terraform-provisioner-ansible/v2/mode/mode_remote.go:324.19,326.6 1 0
github.com/radekg/terraform-provisioner-ansible/v2/mode/mode_remote.go:332.18,334.5 1 0
github.com/radekg/terraform-provisioner-ansible/v2/mode/mode_remote.go:340.57,342.5 1 0
github.com/radekg/terraform-provisioner-ansible/v2/mode/mode_remote.go:345.26,347.5 1 0
github.com/radekg/terraform-provisioner-ansible/v2/mode/mode_remote.go:348.66,350.5 1 0
github.com/radekg/terraform-provisioner-ansible/v2/mode/mode_remote.go:353.97,355.5 1 0
github.com/radekg/terraform-provisioner-ansible/v2/mode/mode_remote.go:365.28,367.5 1 0
github.com/radekg/terraform-provisioner-ansible/v2/mode/mode_remote.go:370.92,372.5 1 0
github.com/radekg/terraform-provisioner-ansible/v2/mode/mode_remote.go:380.81,383.47 2 1
github.com/radekg/terraform-provisioner-ansible/v2/mode/mode_remote.go:419.2,420.68 1 1
github.com/radekg/terraform-provisioner-ansible/v2/mode/mode_remote.go:424.2,425.99 2 1
github.com/radekg/terraform-provisioner-ansible/v2/mode/mode_remote.go:429.2,431.54 1 1
github.com/radekg/terraform-provisioner-ansible/v2/mode/mode_remote.go:435.2,436.12 2 1
github.com/radekg/terraform-provisioner-ansible/v2/mode/mode_remote.go:383.47,387.17 3 0
github.com/radekg/terraform-provisioner-ansible/v2/mode/mode_remote.go:390.3,394.42 3 0
github.com/radekg/terraform-provisioner-ansible/v2/mode/mode_remote.go:387.17,389.4 1 0
github.com/radekg/terraform-provisioner-ansible/v2/mode/mode_remote.go:396.8,402.44 2 1
github.com/radekg/terraform-provisioner-ansible/v2/mode/mode_remote.go:408.3,413.17 5 1
github.com/radekg/terraform-provisioner-ansible/v2/mode/mode_remote.go:416.3,416.66 1 1
github.com/radekg/terraform-provisioner-ansible/v2/mode/mode_remote.go:402.44,406.4 1 1
github.com/radekg/terraform-provisioner-ansible/v2/mode/mode_remote.go:413.17,415.4 1 0
github.com/radekg/terraform-provisioner-ansible/v2/mode/mode_remote.go:420.68,422.3 1 0
github.com/radekg/terraform-provisioner-ansible/v2/mode/mode_remote.go:425.99,427.3 1 0
github.com/radekg/terraform-provisioner-ansible/v2/mode/mode_remote.go:431.54,433.3 1 0
github.com/radekg/terraform-provisioner-ansible/v2/mode/mode_remote.go:439.101,441.18 1 1
github.com/radekg/terraform-provisioner-ansible/v2/mode/mode_remote.go:445.2,446.16 2 1
github.com/radekg/terraform-provisioner-ansible/v2/mode/mode_remote.go:450.2,456.16 5 1
github.com/radekg/terraform-provisioner-ansible/v2/mode/mode_remote.go:459.2,461.73 2 1
github.com/radekg/terraform-provisioner-ansible/v2/mode/mode_remote.go:465.2,467.24 2 1
github.com/radekg/terraform-provisioner-ansible/v2/mode/mode_remote.go:441.18,443.3 1 0
github.com/radekg/terraform-provisioner-ansible/v2/mode/mode_remote.go:446.16,448.3 1 0
github.com/radekg/terraform-provisioner-ansible/v2/mode/mode_remote.go:456.16,458.3 1 0
github.com/radekg/terraform-provisioner-ansible/v2/mode/mode_remote.go:461.73,463.3 1 0
github.com/radekg/terraform-provisioner-ansible/v2/mode/mode_remote.go:470.91,472.32 1 1
github.com/radekg/terraform-provisioner-ansible/v2/mode/mode_remote.go:499.2,508.16 6 1
github.com/radekg/terraform-provisioner-ansible/v2/mode/mode_remote.go:512.2,516.80 4 1
github.com/radekg/terraform-provisioner-ansible/v2/mode/mode_remote.go:520.2,521.24 2 1
github.com/radekg/terraform-provisioner-ansible/v2/mode/mode_remote.go:472.32,476.17 3 0
github.com/radekg/terraform-provisioner-ansible/v2/mode/mode_remote.go:479.3,484.17 5 0
github.com/radekg/terraform-provisioner-ansible/v2/mode/mode_remote.go:487.3,489.74 2 0
github.com/radekg/terraform-provisioner-ansible/v2/mode/mode_remote.go:493.3,495.25 2 0
github.com/radekg/terraform-provisioner-ansible/v2/mode/mode_remote.go:476.17,478.4 1 0
github.com/radekg/terraform-provisioner-ansible/v2/mode/mode_remote.go:484.17,486.4 1 0
github.com/radekg/terraform-provisioner-ansible/v2/mode/mode_remote.go:489.74,491.4 1 0
github.com/radekg/terraform-provisioner-ansible/v2/mode/mode_remote.go:508.16,510.3 1 0
github.com/radekg/terraform-provisioner-ansible/v2/mode/mode_remote.go:516.80,518.3 1 0
github.com/radekg/terraform-provisioner-ansible/v2/mode/mode_remote.go:525.46,529.2 3 1
github.com/radekg/terraform-provisioner-ansible/v2/mode/mode_remote.go:531.75,534.52 3 1
github.com/radekg/terraform-provisioner-ansible/v2/mode/mode_remote.go:542.2,542.19 1 1
github.com/radekg/terraform-provisioner-ansible/v2/mode/mode_remote.go:534.52,535.106 1 0
github.com/radekg/terraform-provisioner-ansible/v2/mode/mode_remote.go:540.3,540.20 1 0
github.com/radekg/terraform-provisioner-ansible/v2/mode/mode_remote.go:535.106,539.4 1 0
github.com/radekg/terraform-provisioner-ansible/v2/mode/mode_remote.go:545.59,547.2 1 1
github.com/radekg/terraform-provisioner-ansible/v2/mode/mode_remote.go:549.61,551.2 1 1
github.com/radekg/terraform-provisioner-ansible/v2/mode/mode_remote.go:553.72,555.46 1 1
github.com/radekg/terraform-provisioner-ansible/v2/mode/mode_remote.go:559.2,573.16 9 1
github.com/radekg/terraform-provisioner-ansible/v2/mode/mode_remote.go:577.2,578.16 2 1
github.com/radekg/terraform-provisioner-ansible/v2/mode/mode_remote.go:589.2,594.12 5 1
github.com/radekg/terraform-provisioner-ansible/v2/mode/mode_remote.go:555.46,557.3 1 1
github.com/radekg/terraform-provisioner-ansible/v2/mode/mode_remote.go:573.16,575.3 1 0
github.com/radekg/terraform-provisioner-ansible/v2/mode/mode_remote.go:578.16,579.49 1 0
github.com/radekg/terraform-provisioner-ansible/v2/mode/mode_remote.go:579.49,582.4 1 0
github.com/radekg/terraform-provisioner-ansible/v2/mode/mode_remote.go:582.9,585.4 1 0
github.com/radekg/terraform-provisioner-ansible/v2/mode/mode_remote.go:597.70,600.26 3 1
github.com/radekg/terraform-provisioner-ansible/v2/mode/mode_remote.go:600.26,604.3 1 0
github.com/radekg/terraform-provisioner-ansible/v2/mode/mode_remote.go:607.54,609.29 2 1
github.com/radekg/terraform-provisioner-ansible/v2/mode/mode_remote.go:615.2,615.12 1 1
github.com/radekg/terraform-provisioner-ansible/v2/mode/mode_remote.go:622.2,622.14 1 0
github.com/radekg/terraform-provisioner-ansible/v2/mode/mode_remote.go:609.29,610.26 1 1
github.com/radekg/terraform-provisioner-ansible/v2/mode/mode_remote.go:610.26,612.9 2 0
github.com/radekg/terraform-provisioner-ansible/v2/mode/mode_remote.go:615.12,617.30 2 1
github.com/radekg/terraform-provisioner-ansible/v2/mode/mode_remote.go:620.3,620.18 1 1
github.com/radekg/terraform-provisioner-ansible/v2/mode/mode_remote.go:617.30,619.4 1 1
github.com/radekg/terraform-provisioner-ansible/v2/mode/ssh_bastion_host.go:14.78,18.2 1 1
github.com/radekg/terraform-provisioner-ansible/v2/mode/ssh_bastion_host.go:20.36,22.2 1 1
github.com/radekg/terraform-provisioner-ansible/v2/mode/ssh_bastion_host.go:24.36,26.2 1 1
github.com/radekg/terraform-provisioner-ansible/v2/mode/ssh_bastion_host.go:28.37,30.2 1 1
github.com/radekg/terraform-provisioner-ansible/v2/mode/ssh_bastion_host.go:32.34,34.2 1 1
github.com/radekg/terraform-provisioner-ansible/v2/mode/ssh_bastion_host.go:36.37,38.2 1 1
github.com/radekg/terraform-provisioner-ansible/v2/mode/ssh_bastion_host.go:40.40,42.2 1 1
github.com/radekg/terraform-provisioner-ansible/v2/mode/ssh_bastion_host.go:44.40,46.2 1 1
github.com/radekg/terraform-provisioner-ansible/v2/mode/ssh_bastion_host.go:48.47,50.2 1 1
github.com/radekg/terraform-provisioner-ansible/v2/mode/ssh_bastion_host.go:52.54,54.2 1 1
github.com/radekg/terraform-provisioner-ansible/v2/mode/ssh_bastion_host.go:56.54,61.16 3 1
github.com/radekg/terraform-provisioner-ansible/v2/mode/ssh_bastion_host.go:64.2,64.77 1 1
github.com/radekg/terraform-provisioner-ansible/v2/mode/ssh_bastion_host.go:61.16,63.3 1 0
github.com/radekg/terraform-provisioner-ansible/v2/mode/ssh_bastion_keyscan.go:35.41,43.2 1 0
github.com/radekg/terraform-provisioner-ansible/v2/mode/ssh_bastion_keyscan.go:45.55,51.2 1 0
github.com/radekg/terraform-provisioner-ansible/v2/mode/ssh_bastion_keyscan.go:53.67,54.14 1 0
github.com/radekg/terraform-provisioner-ansible/v2/mode/ssh_bastion_keyscan.go:57.2,57.71 1 0
github.com/radekg/terraform-provisioner-ansible/v2/mode/ssh_bastion_keyscan.go:54.14,56.3 1 0
github.com/radekg/terraform-provisioner-ansible/v2/mode/ssh_bastion_keyscan.go:60.49,62.2 1 0
github.com/radekg/terraform-provisioner-ansible/v2/mode/ssh_bastion_keyscan.go:64.74,67.26 3 0
github.com/radekg/terraform-provisioner-ansible/v2/mode/ssh_bastion_keyscan.go:67.26,69.3 1 0
github.com/radekg/terraform-provisioner-ansible/v2/mode/ssh_bastion_keyscan.go:72.75,81.21 8 0
github.com/radekg/terraform-provisioner-ansible/v2/mode/ssh_bastion_keyscan.go:88.2,88.16 1 0
github.com/radekg/terraform-provisioner-ansible/v2/mode/ssh_bastion_keyscan.go:92.2,95.16 3 0
github.com/radekg/terraform-provisioner-ansible/v2/mode/ssh_bastion_keyscan.go:99.2,101.22 2 0
github.com/radekg/terraform-provisioner-ansible/v2/mode/ssh_bastion_keyscan.go:81.21,86.3 4 0
github.com/radekg/terraform-provisioner-ansible/v2/mode/ssh_bastion_keyscan.go:88.16,91.3 2 0
github.com/radekg/terraform-provisioner-ansible/v2/mode/ssh_bastion_keyscan.go:95.16,98.3 2 0
github.com/radekg/terraform-provisioner-ansible/v2/mode/ssh_bastion_keyscan.go:104.56,107.16 3 0
github.com/radekg/terraform-provisioner-ansible/v2/mode/ssh_bastion_keyscan.go:110.2,111.74 2 0
github.com/radekg/terraform-provisioner-ansible/v2/mode/ssh_bastion_keyscan.go:114.2,115.16 2 0
github.com/radekg/terraform-provisioner-ansible/v2/mode/ssh_bastion_keyscan.go:118.2,120.22 3 0
github.com/radekg/terraform-provisioner-ansible/v2/mode/ssh_bastion_keyscan.go:107.16,109.3 1 0
github.com/radekg/terraform-provisioner-ansible/v2/mode/ssh_bastion_keyscan.go:111.74,113.3 1 0
github.com/radekg/terraform-provisioner-ansible/v2/mode/ssh_bastion_keyscan.go:115.16,117.3 1 0
github.com/radekg/terraform-provisioner-ansible/v2/mode/ssh_bastion_keyscan.go:123.49,129.44 2 0
github.com/radekg/terraform-provisioner-ansible/v2/mode/ssh_bastion_keyscan.go:133.2,152.6 7 0
github.com/radekg/terraform-provisioner-ansible/v2/mode/ssh_bastion_keyscan.go:169.2,171.16 3 0
github.com/radekg/terraform-provisioner-ansible/v2/mode/ssh_bastion_keyscan.go:174.2,176.90 3 0
github.com/radekg/terraform-provisioner-ansible/v2/mode/ssh_bastion_keyscan.go:179.2,179.26 1 0
github.com/radekg/terraform-provisioner-ansible/v2/mode/ssh_bastion_keyscan.go:129.44,131.3 1 0
github.com/radekg/terraform-provisioner-ansible/v2/mode/ssh_bastion_keyscan.go:152.6,154.26 2 0
github.com/radekg/terraform-provisioner-ansible/v2/mode/ssh_bastion_keyscan.go:157.3,160.30 4 0
github.com/radekg/terraform-provisioner-ansible/v2/mode/ssh_bastion_keyscan.go:154.26,155.9 1 0
github.com/radekg/terraform-provisioner-ansible/v2/mode/ssh_bastion_keyscan.go:160.30,165.4 1 0
github.com/radekg/terraform-provisioner-ansible/v2/mode/ssh_bastion_keyscan.go:171.16,173.3 1 0
github.com/radekg/terraform-provisioner-ansible/v2/mode/ssh_bastion_keyscan.go:176.90,178.3 1 0
github.com/radekg/terraform-provisioner-ansible/v2/mode/ssh_bastion_keyscan.go:182.57,184.2 1 0
